<?xml version="1.0" encoding="UTF-8" ?>
<testsuite tests="4" failures="2" name="com.mycompany.testeunitario.FuncionalidadesTest" time="0.028" errors="0" skipped="0">
  <properties>
[...]
</properties>
  <testcase classname="com.mycompany.testeunitario.FuncionalidadesTest" name="com.mycompany.testeunitario.FuncionalidadesTest.testPar" time="0.028">
    <failure message="expected: &lt;true&gt; but was: &lt;false&gt;" type="org.opentest4j.AssertionFailedError">org.opentest4j.AssertionFailedError: expected: &lt;true&gt; but was: &lt;false&gt;
	at org.junit.jupiter.api.AssertionUtils.fail(AssertionUtils.java:55)
	at org.junit.jupiter.api.AssertTrue.assertTrue(AssertTrue.java:40)
	at org.junit.jupiter.api.AssertTrue.assertTrue(AssertTrue.java:35)
	at org.junit.jupiter.api.Assertions.assertTrue(Assertions.java:162)
	at com.mycompany.testeunitario.FuncionalidadesTest.testPar(FuncionalidadesTest.java:54)
</failure>
  </testcase>
  <testcase classname="com.mycompany.testeunitario.FuncionalidadesTest" name="com.mycompany.testeunitario.FuncionalidadesTest.testImpar" time="0">
    <failure message="expected: &lt;true&gt; but was: &lt;false&gt;" type="org.opentest4j.AssertionFailedError">org.opentest4j.AssertionFailedError: expected: &lt;true&gt; but was: &lt;false&gt;
	at org.junit.jupiter.api.AssertionUtils.fail(AssertionUtils.java:55)
	at org.junit.jupiter.api.AssertTrue.assertTrue(AssertTrue.java:40)
	at org.junit.jupiter.api.AssertTrue.assertTrue(AssertTrue.java:35)
	at org.junit.jupiter.api.Assertions.assertTrue(Assertions.java:162)
	at com.mycompany.testeunitario.FuncionalidadesTest.testImpar(FuncionalidadesTest.java:62)
</failure>
  </testcase>
  <testcase classname="com.mycompany.testeunitario.FuncionalidadesTest" name="com.mycompany.testeunitario.FuncionalidadesTest.testPrimo" time="0"/>
  <testcase classname="com.mycompany.testeunitario.FuncionalidadesTest" name="com.mycompany.testeunitario.FuncionalidadesTest.testSomaNum" time="0"/>
</testsuite>