-------------------------------------------------------------------------------
Test set: com.mycompany.testesunitarios.CalculaTest
-------------------------------------------------------------------------------
Tests run: 4, Failures: 3, Errors: 0, Skipped: 0, Time elapsed: 0.022 sec <<< FAILURE!
com.mycompany.testesunitarios.CalculaTest.testImpar()  Time elapsed: 0.007 sec  <<< FAILURE!
org.opentest4j.AssertionFailedError: The test case is a prototype.
	at org.junit.jupiter.api.AssertionUtils.fail(AssertionUtils.java:39)
	at org.junit.jupiter.api.Assertions.fail(Assertions.java:109)
	at com.mycompany.testesunitarios.CalculaTest.testImpar(CalculaTest.java:84)

com.mycompany.testesunitarios.CalculaTest.testSoma()  Time elapsed: 0 sec  <<< FAILURE!
org.opentest4j.AssertionFailedError: The test case is a prototype.
	at org.junit.jupiter.api.AssertionUtils.fail(AssertionUtils.java:39)
	at org.junit.jupiter.api.Assertions.fail(Assertions.java:109)
	at com.mycompany.testesunitarios.CalculaTest.testSoma(CalculaTest.java:54)

com.mycompany.testesunitarios.CalculaTest.testPar()  Time elapsed: 0.014 sec  <<< FAILURE!
org.opentest4j.AssertionFailedError: expected: <false> but was: <true>
	at org.junit.jupiter.api.AssertionUtils.fail(AssertionUtils.java:55)
	at org.junit.jupiter.api.AssertionUtils.failNotEqual(AssertionUtils.java:62)
	at org.junit.jupiter.api.AssertEquals.assertEquals(AssertEquals.java:182)
	at org.junit.jupiter.api.AssertEquals.assertEquals(AssertEquals.java:177)
	at org.junit.jupiter.api.Assertions.assertEquals(Assertions.java:1124)
	at com.mycompany.testesunitarios.CalculaTest.testPar(CalculaTest.java:67)

