<?xml version="1.0" encoding="UTF-8" ?>
<testsuite tests="4" failures="3" name="com.mycompany.testesunitarios.CalculaTest" time="0.021" errors="0" skipped="0">
  <properties>
[...]
</properties>
  <testcase classname="com.mycompany.testesunitarios.CalculaTest" name="com.mycompany.testesunitarios.CalculaTest.testImpar" time="0.007">
    <failure message="The test case is a prototype." type="org.opentest4j.AssertionFailedError">org.opentest4j.AssertionFailedError: The test case is a prototype.
	at org.junit.jupiter.api.AssertionUtils.fail(AssertionUtils.java:39)
	at org.junit.jupiter.api.Assertions.fail(Assertions.java:109)
	at com.mycompany.testesunitarios.CalculaTest.testImpar(CalculaTest.java:84)
</failure>
    <system-out>impar
</system-out>
  </testcase>
  <testcase classname="com.mycompany.testesunitarios.CalculaTest" name="com.mycompany.testesunitarios.CalculaTest.testPrimo" time="0"/>
  <testcase classname="com.mycompany.testesunitarios.CalculaTest" name="com.mycompany.testesunitarios.CalculaTest.testSoma" time="0">
    <failure message="The test case is a prototype." type="org.opentest4j.AssertionFailedError">org.opentest4j.AssertionFailedError: The test case is a prototype.
	at org.junit.jupiter.api.AssertionUtils.fail(AssertionUtils.java:39)
	at org.junit.jupiter.api.Assertions.fail(Assertions.java:109)
	at com.mycompany.testesunitarios.CalculaTest.testSoma(CalculaTest.java:54)
</failure>
    <system-out>soma
</system-out>
  </testcase>
  <testcase classname="com.mycompany.testesunitarios.CalculaTest" name="com.mycompany.testesunitarios.CalculaTest.testPar" time="0.014">
    <failure message="expected: &lt;false&gt; but was: &lt;true&gt;" type="org.opentest4j.AssertionFailedError">org.opentest4j.AssertionFailedError: expected: &lt;false&gt; but was: &lt;true&gt;
	at org.junit.jupiter.api.AssertionUtils.fail(AssertionUtils.java:55)
	at org.junit.jupiter.api.AssertionUtils.failNotEqual(AssertionUtils.java:62)
	at org.junit.jupiter.api.AssertEquals.assertEquals(AssertEquals.java:182)
	at org.junit.jupiter.api.AssertEquals.assertEquals(AssertEquals.java:177)
	at org.junit.jupiter.api.Assertions.assertEquals(Assertions.java:1124)
	at com.mycompany.testesunitarios.CalculaTest.testPar(CalculaTest.java:67)
</failure>
    <system-out>par
</system-out>
  </testcase>
</testsuite>